<?xml version="1.0" encoding="UTF-8"?>
<testsuite xmlns:xsi="http://www.w3.org/2001/XMLSchema-instance" xsi:noNamespaceSchemaLocation="https://maven.apache.org/surefire/maven-failsafe-plugin/xsd/failsafe-test-report.xsd" name="starter.CucumberTestSuite" time="10.448" tests="4" errors="0" skipped="0" failures="1">
  <properties>
    <property name="java.specification.version" value="17"/>
    <property name="sun.jnu.encoding" value="UTF-8"/>
    <property name="java.class.path" value="/home/nadir/IdeaProjects/minproQE/target/test-classes:/home/nadir/IdeaProjects/minproQE/target/minproQE-1.0-SNAPSHOT.jar:/home/nadir/.m2/repository/ch/qos/logback/logback-classic/1.0.13/logback-classic-1.0.13.jar:/home/nadir/.m2/repository/ch/qos/logback/logback-core/1.0.13/logback-core-1.0.13.jar:/home/nadir/.m2/repository/org/slf4j/slf4j-api/1.7.5/slf4j-api-1.7.5.jar:/home/nadir/.m2/repository/org/json/json/20220924/json-20220924.jar:/home/nadir/.m2/repository/net/serenity-bdd/serenity-core/3.5.1/serenity-core-3.5.1.jar:/home/nadir/.m2/repository/net/serenity-bdd/serenity-model/3.5.1/serenity-model-3.5.1.jar:/home/nadir/.m2/repository/org/apache/commons/commons-text/1.10.0/commons-text-1.10.0.jar:/home/nadir/.m2/repository/commons-net/commons-net/3.8.0/commons-net-3.8.0.jar:/home/nadir/.m2/repository/com/google/guava/guava/31.1-jre/guava-31.1-jre.jar:/home/nadir/.m2/repository/com/google/guava/failureaccess/1.0.1/failureaccess-1.0.1.jar:/home/nadir/.m2/repository/com/google/guava/listenablefuture/9999.0-empty-to-avoid-conflict-with-guava/listenablefuture-9999.0-empty-to-avoid-conflict-with-guava.jar:/home/nadir/.m2/repository/com/google/code/findbugs/jsr305/3.0.2/jsr305-3.0.2.jar:/home/nadir/.m2/repository/org/checkerframework/checker-qual/3.12.0/checker-qual-3.12.0.jar:/home/nadir/.m2/repository/com/google/errorprone/error_prone_annotations/2.11.0/error_prone_annotations-2.11.0.jar:/home/nadir/.m2/repository/com/google/j2objc/j2objc-annotations/1.3/j2objc-annotations-1.3.jar:/home/nadir/.m2/repository/com/google/inject/guice/5.1.0/guice-5.1.0.jar:/home/nadir/.m2/repository/javax/inject/javax.inject/1/javax.inject-1.jar:/home/nadir/.m2/repository/aopalliance/aopalliance/1.0/aopalliance-1.0.jar:/home/nadir/.m2/repository/org/jsoup/jsoup/1.14.3/jsoup-1.14.3.jar:/home/nadir/.m2/repository/com/thoughtworks/xstream/xstream/1.4.19/xstream-1.4.19.jar:/home/nadir/.m2/repository/io/github/x-stream/mxparser/1.2.2/mxparser-1.2.2.jar:/home/nadir/.m2/repository/xmlpull/xmlpull/1.1.3.1/xmlpull-1.1.3.1.jar:/home/nadir/.m2/repository/com/typesafe/config/1.4.2/config-1.4.2.jar:/home/nadir/.m2/repository/org/imgscalr/imgscalr-lib/4.2/imgscalr-lib-4.2.jar:/home/nadir/.m2/repository/org/awaitility/awaitility/4.2.0/awaitility-4.2.0.jar:/home/nadir/.m2/repository/org/freemarker/freemarker/2.3.31/freemarker-2.3.31.jar:/home/nadir/.m2/repository/io/github/classgraph/classgraph/4.8.138/classgraph-4.8.138.jar:/home/nadir/.m2/repository/net/sourceforge/jexcelapi/jxl/2.6.12/jxl-2.6.12.jar:/home/nadir/.m2/repository/net/bytebuddy/byte-buddy/1.12.18/byte-buddy-1.12.18.jar:/home/nadir/.m2/repository/net/bytebuddy/byte-buddy-agent/1.12.18/byte-buddy-agent-1.12.18.jar:/home/nadir/.m2/repository/org/objenesis/objenesis/3.1/objenesis-3.1.jar:/home/nadir/.m2/repository/net/serenity-bdd/serenity-reports/3.5.1/serenity-reports-3.5.1.jar:/home/nadir/.m2/repository/net/serenity-bdd/serenity-stats/3.5.1/serenity-stats-3.5.1.jar:/home/nadir/.m2/repository/org/jetbrains/kotlin/kotlin-stdlib/1.7.21/kotlin-stdlib-1.7.21.jar:/home/nadir/.m2/repository/org/jetbrains/kotlin/kotlin-stdlib-common/1.7.21/kotlin-stdlib-common-1.7.21.jar:/home/nadir/.m2/repository/org/jetbrains/annotations/13.0/annotations-13.0.jar:/home/nadir/.m2/repository/net/serenity-bdd/serenity-reports-configuration/3.5.1/serenity-reports-configuration-3.5.1.jar:/home/nadir/.m2/repository/com/vladsch/flexmark/flexmark-all/0.34.30/flexmark-all-0.34.30.jar:/home/nadir/.m2/repository/com/vladsch/flexmark/flexmark/0.34.30/flexmark-0.34.30.jar:/home/nadir/.m2/repository/com/vladsch/flexmark/flexmark-ext-abbreviation/0.34.30/flexmark-ext-abbreviation-0.34.30.jar:/home/nadir/.m2/repository/com/vladsch/flexmark/flexmark-ext-admonition/0.34.30/flexmark-ext-admonition-0.34.30.jar:/home/nadir/.m2/repository/com/vladsch/flexmark/flexmark-ext-anchorlink/0.34.30/flexmark-ext-anchorlink-0.34.30.jar:/home/nadir/.m2/repository/com/vladsch/flexmark/flexmark-ext-aside/0.34.30/flexmark-ext-aside-0.34.30.jar:/home/nadir/.m2/repository/com/vladsch/flexmark/flexmark-ext-attributes/0.34.30/flexmark-ext-attributes-0.34.30.jar:/home/nadir/.m2/repository/com/vladsch/flexmark/flexmark-ext-autolink/0.34.30/flexmark-ext-autolink-0.34.30.jar:/home/nadir/.m2/repository/org/nibor/autolink/autolink/0.6.0/autolink-0.6.0.jar:/home/nadir/.m2/repository/com/vladsch/flexmark/flexmark-ext-definition/0.34.30/flexmark-ext-definition-0.34.30.jar:/home/nadir/.m2/repository/com/vladsch/flexmark/flexmark-ext-emoji/0.34.30/flexmark-ext-emoji-0.34.30.jar:/home/nadir/.m2/repository/com/vladsch/flexmark/flexmark-ext-enumerated-reference/0.34.30/flexmark-ext-enumerated-reference-0.34.30.jar:/home/nadir/.m2/repository/com/vladsch/flexmark/flexmark-ext-escaped-character/0.34.30/flexmark-ext-escaped-character-0.34.30.jar:/home/nadir/.m2/repository/com/vladsch/flexmark/flexmark-ext-footnotes/0.34.30/flexmark-ext-footnotes-0.34.30.jar:/home/nadir/.m2/repository/com/vladsch/flexmark/flexmark-ext-gfm-issues/0.34.30/flexmark-ext-gfm-issues-0.34.30.jar:/home/nadir/.m2/repository/com/vladsch/flexmark/flexmark-ext-gfm-strikethrough/0.34.30/flexmark-ext-gfm-strikethrough-0.34.30.jar:/home/nadir/.m2/repository/com/vladsch/flexmark/flexmark-ext-gfm-tables/0.34.30/flexmark-ext-gfm-tables-0.34.30.jar:/home/nadir/.m2/repository/com/vladsch/flexmark/flexmark-ext-gfm-tasklist/0.34.30/flexmark-ext-gfm-tasklist-0.34.30.jar:/home/nadir/.m2/repository/com/vladsch/flexmark/flexmark-ext-gfm-users/0.34.30/flexmark-ext-gfm-users-0.34.30.jar:/home/nadir/.m2/repository/com/vladsch/flexmark/flexmark-ext-gitlab/0.34.30/flexmark-ext-gitlab-0.34.30.jar:/home/nadir/.m2/repository/com/vladsch/flexmark/flexmark-ext-jekyll-front-matter/0.34.30/flexmark-ext-jekyll-front-matter-0.34.30.jar:/home/nadir/.m2/repository/com/vladsch/flexmark/flexmark-ext-jekyll-tag/0.34.30/flexmark-ext-jekyll-tag-0.34.30.jar:/home/nadir/.m2/repository/com/vladsch/flexmark/flexmark-ext-media-tags/0.34.30/flexmark-ext-media-tags-0.34.30.jar:/home/nadir/.m2/repository/com/vladsch/flexmark/flexmark-test-util/0.34.30/flexmark-test-util-0.34.30.jar:/home/nadir/.m2/repository/com/vladsch/flexmark/flexmark-ext-ins/0.34.30/flexmark-ext-ins-0.34.30.jar:/home/nadir/.m2/repository/com/vladsch/flexmark/flexmark-ext-xwiki-macros/0.34.30/flexmark-ext-xwiki-macros-0.34.30.jar:/home/nadir/.m2/repository/com/vladsch/flexmark/flexmark-ext-superscript/0.34.30/flexmark-ext-superscript-0.34.30.jar:/home/nadir/.m2/repository/com/vladsch/flexmark/flexmark-ext-tables/0.34.30/flexmark-ext-tables-0.34.30.jar:/home/nadir/.m2/repository/com/vladsch/flexmark/flexmark-ext-toc/0.34.30/flexmark-ext-toc-0.34.30.jar:/home/nadir/.m2/repository/com/vladsch/flexmark/flexmark-ext-typographic/0.34.30/flexmark-ext-typographic-0.34.30.jar:/home/nadir/.m2/repository/com/vladsch/flexmark/flexmark-ext-wikilink/0.34.30/flexmark-ext-wikilink-0.34.30.jar:/home/nadir/.m2/repository/com/vladsch/flexmark/flexmark-ext-yaml-front-matter/0.34.30/flexmark-ext-yaml-front-matter-0.34.30.jar:/home/nadir/.m2/repository/com/vladsch/flexmark/flexmark-ext-youtube-embedded/0.34.30/flexmark-ext-youtube-embedded-0.34.30.jar:/home/nadir/.m2/repository/com/vladsch/flexmark/flexmark-formatter/0.34.30/flexmark-formatter-0.34.30.jar:/home/nadir/.m2/repository/com/vladsch/flexmark/flexmark-html-parser/0.34.30/flexmark-html-parser-0.34.30.jar:/home/nadir/.m2/repository/com/vladsch/flexmark/flexmark-jira-converter/0.34.30/flexmark-jira-converter-0.34.30.jar:/home/nadir/.m2/repository/com/vladsch/flexmark/flexmark-pdf-converter/0.34.30/flexmark-pdf-converter-0.34.30.jar:/home/nadir/.m2/repository/com/openhtmltopdf/openhtmltopdf-core/0.0.1-RC13/openhtmltopdf-core-0.0.1-RC13.jar:/home/nadir/.m2/repository/com/openhtmltopdf/openhtmltopdf-pdfbox/0.0.1-RC13/openhtmltopdf-pdfbox-0.0.1-RC13.jar:/home/nadir/.m2/repository/org/apache/pdfbox/pdfbox/2.0.8/pdfbox-2.0.8.jar:/home/nadir/.m2/repository/org/apache/pdfbox/fontbox/2.0.8/fontbox-2.0.8.jar:/home/nadir/.m2/repository/org/apache/pdfbox/xmpbox/2.0.8/xmpbox-2.0.8.jar:/home/nadir/.m2/repository/de/rototor/pdfbox/graphics2d/0.12/graphics2d-0.12.jar:/home/nadir/.m2/repository/com/openhtmltopdf/openhtmltopdf-rtl-support/0.0.1-RC13/openhtmltopdf-rtl-support-0.0.1-RC13.jar:/home/nadir/.m2/repository/com/ibm/icu/icu4j/59.1/icu4j-59.1.jar:/home/nadir/.m2/repository/com/openhtmltopdf/openhtmltopdf-jsoup-dom-converter/0.0.1-RC13/openhtmltopdf-jsoup-dom-converter-0.0.1-RC13.jar:/home/nadir/.m2/repository/com/vladsch/flexmark/flexmark-profile-pegdown/0.34.30/flexmark-profile-pegdown-0.34.30.jar:/home/nadir/.m2/repository/com/vladsch/flexmark/flexmark-util/0.34.30/flexmark-util-0.34.30.jar:/home/nadir/.m2/repository/com/vladsch/flexmark/flexmark-youtrack-converter/0.34.30/flexmark-youtrack-converter-0.34.30.jar:/home/nadir/.m2/repository/es/nitaur/markdown/txtmark/0.16/txtmark-0.16.jar:/home/nadir/.m2/repository/net/serenity-bdd/serenity-report-resources/3.5.1/serenity-report-resources-3.5.1.jar:/home/nadir/.m2/repository/com/google/code/gson/gson/2.9.0/gson-2.9.0.jar:/home/nadir/.m2/repository/com/fasterxml/jackson/core/jackson-core/2.13.4/jackson-core-2.13.4.jar:/home/nadir/.m2/repository/com/fasterxml/jackson/core/jackson-databind/2.13.4/jackson-databind-2.13.4.jar:/home/nadir/.m2/repository/com/fasterxml/jackson/core/jackson-annotations/2.13.4/jackson-annotations-2.13.4.jar:/home/nadir/.m2/repository/commons-codec/commons-codec/1.15/commons-codec-1.15.jar:/home/nadir/.m2/repository/commons-io/commons-io/2.11.0/commons-io-2.11.0.jar:/home/nadir/.m2/repository/org/apache/httpcomponents/httpclient/4.5.13/httpclient-4.5.13.jar:/home/nadir/.m2/repository/org/apache/httpcomponents/httpcore/4.4.13/httpcore-4.4.13.jar:/home/nadir/.m2/repository/org/seleniumhq/selenium/selenium-java/4.7.1/selenium-java-4.7.1.jar:/home/nadir/.m2/repository/org/seleniumhq/selenium/selenium-devtools-v106/4.7.1/selenium-devtools-v106-4.7.1.jar:/home/nadir/.m2/repository/org/seleniumhq/selenium/selenium-devtools-v107/4.7.1/selenium-devtools-v107-4.7.1.jar:/home/nadir/.m2/repository/org/seleniumhq/selenium/selenium-devtools-v108/4.7.1/selenium-devtools-v108-4.7.1.jar:/home/nadir/.m2/repository/org/seleniumhq/selenium/selenium-devtools-v85/4.7.1/selenium-devtools-v85-4.7.1.jar:/home/nadir/.m2/repository/org/seleniumhq/selenium/selenium-remote-driver/4.7.1/selenium-remote-driver-4.7.1.jar:/home/nadir/.m2/repository/com/beust/jcommander/1.82/jcommander-1.82.jar:/home/nadir/.m2/repository/io/netty/netty-buffer/4.1.84.Final/netty-buffer-4.1.84.Final.jar:/home/nadir/.m2/repository/io/netty/netty-codec-http/4.1.84.Final/netty-codec-http-4.1.84.Final.jar:/home/nadir/.m2/repository/io/netty/netty-codec/4.1.84.Final/netty-codec-4.1.84.Final.jar:/home/nadir/.m2/repository/io/netty/netty-handler/4.1.84.Final/netty-handler-4.1.84.Final.jar:/home/nadir/.m2/repository/io/netty/netty-common/4.1.84.Final/netty-common-4.1.84.Final.jar:/home/nadir/.m2/repository/io/netty/netty-transport-classes-epoll/4.1.84.Final/netty-transport-classes-epoll-4.1.84.Final.jar:/home/nadir/.m2/repository/io/netty/netty-transport-classes-kqueue/4.1.84.Final/netty-transport-classes-kqueue-4.1.84.Final.jar:/home/nadir/.m2/repository/io/netty/netty-transport-native-epoll/4.1.84.Final/netty-transport-native-epoll-4.1.84.Final.jar:/home/nadir/.m2/repository/io/netty/netty-transport-native-kqueue/4.1.84.Final/netty-transport-native-kqueue-4.1.84.Final.jar:/home/nadir/.m2/repository/io/netty/netty-transport-native-unix-common/4.1.84.Final/netty-transport-native-unix-common-4.1.84.Final.jar:/home/nadir/.m2/repository/io/netty/netty-transport/4.1.84.Final/netty-transport-4.1.84.Final.jar:/home/nadir/.m2/repository/io/netty/netty-resolver/4.1.84.Final/netty-resolver-4.1.84.Final.jar:/home/nadir/.m2/repository/io/opentelemetry/opentelemetry-api/1.19.0/opentelemetry-api-1.19.0.jar:/home/nadir/.m2/repository/io/opentelemetry/opentelemetry-context/1.19.0/opentelemetry-context-1.19.0.jar:/home/nadir/.m2/repository/io/opentelemetry/opentelemetry-exporter-logging/1.19.0/opentelemetry-exporter-logging-1.19.0.jar:/home/nadir/.m2/repository/io/opentelemetry/opentelemetry-sdk-metrics/1.19.0/opentelemetry-sdk-metrics-1.19.0.jar:/home/nadir/.m2/repository/io/opentelemetry/opentelemetry-sdk-logs/1.19.0-alpha/opentelemetry-sdk-logs-1.19.0-alpha.jar:/home/nadir/.m2/repository/io/opentelemetry/opentelemetry-api-logs/1.19.0-alpha/opentelemetry-api-logs-1.19.0-alpha.jar:/home/nadir/.m2/repository/io/opentelemetry/opentelemetry-sdk-common/1.19.0/opentelemetry-sdk-common-1.19.0.jar:/home/nadir/.m2/repository/io/opentelemetry/opentelemetry-sdk-extension-autoconfigure-spi/1.19.0/opentelemetry-sdk-extension-autoconfigure-spi-1.19.0.jar:/home/nadir/.m2/repository/io/opentelemetry/opentelemetry-sdk-extension-autoconfigure/1.19.0-alpha/opentelemetry-sdk-extension-autoconfigure-1.19.0-alpha.jar:/home/nadir/.m2/repository/io/opentelemetry/opentelemetry-exporter-common/1.19.0/opentelemetry-exporter-common-1.19.0.jar:/home/nadir/.m2/repository/io/opentelemetry/opentelemetry-sdk-trace/1.19.0/opentelemetry-sdk-trace-1.19.0.jar:/home/nadir/.m2/repository/io/opentelemetry/opentelemetry-sdk/1.19.0/opentelemetry-sdk-1.19.0.jar:/home/nadir/.m2/repository/io/opentelemetry/opentelemetry-semconv/1.19.0-alpha/opentelemetry-semconv-1.19.0-alpha.jar:/home/nadir/.m2/repository/io/ous/jtoml/2.0.0/jtoml-2.0.0.jar:/home/nadir/.m2/repository/org/apache/commons/commons-exec/1.3/commons-exec-1.3.jar:/home/nadir/.m2/repository/org/asynchttpclient/async-http-client/2.12.3/async-http-client-2.12.3.jar:/home/nadir/.m2/repository/org/asynchttpclient/async-http-client-netty-utils/2.12.3/async-http-client-netty-utils-2.12.3.jar:/home/nadir/.m2/repository/io/netty/netty-codec-socks/4.1.60.Final/netty-codec-socks-4.1.60.Final.jar:/home/nadir/.m2/repository/io/netty/netty-handler-proxy/4.1.60.Final/netty-handler-proxy-4.1.60.Final.jar:/home/nadir/.m2/repository/io/netty/netty-transport-native-epoll/4.1.60.Final/netty-transport-native-epoll-4.1.60.Final-linux-x86_64.jar:/home/nadir/.m2/repository/io/netty/netty-transport-native-kqueue/4.1.60.Final/netty-transport-native-kqueue-4.1.60.Final-osx-x86_64.jar:/home/nadir/.m2/repository/org/reactivestreams/reactive-streams/1.0.3/reactive-streams-1.0.3.jar:/home/nadir/.m2/repository/com/typesafe/netty/netty-reactive-streams/2.0.4/netty-reactive-streams-2.0.4.jar:/home/nadir/.m2/repository/org/seleniumhq/selenium/selenium-manager/4.7.1/selenium-manager-4.7.1.jar:/home/nadir/.m2/repository/org/seleniumhq/selenium/selenium-safari-driver/4.7.1/selenium-safari-driver-4.7.1.jar:/home/nadir/.m2/repository/org/seleniumhq/selenium/selenium-api/4.7.1/selenium-api-4.7.1.jar:/home/nadir/.m2/repository/org/seleniumhq/selenium/selenium-support/4.7.1/selenium-support-4.7.1.jar:/home/nadir/.m2/repository/com/google/auto/service/auto-service-annotations/1.0.1/auto-service-annotations-1.0.1.jar:/home/nadir/.m2/repository/com/google/auto/service/auto-service/1.0.1/auto-service-1.0.1.jar:/home/nadir/.m2/repository/com/google/auto/auto-common/1.2/auto-common-1.2.jar:/home/nadir/.m2/repository/org/seleniumhq/selenium/selenium-json/4.7.1/selenium-json-4.7.1.jar:/home/nadir/.m2/repository/org/seleniumhq/selenium/selenium-chrome-driver/4.7.1/selenium-chrome-driver-4.7.1.jar:/home/nadir/.m2/repository/org/seleniumhq/selenium/selenium-chromium-driver/4.7.1/selenium-chromium-driver-4.7.1.jar:/home/nadir/.m2/repository/org/seleniumhq/selenium/selenium-firefox-driver/4.7.1/selenium-firefox-driver-4.7.1.jar:/home/nadir/.m2/repository/org/seleniumhq/selenium/selenium-http/4.7.1/selenium-http-4.7.1.jar:/home/nadir/.m2/repository/dev/failsafe/failsafe/3.3.0/failsafe-3.3.0.jar:/home/nadir/.m2/repository/org/seleniumhq/selenium/selenium-edge-driver/4.7.1/selenium-edge-driver-4.7.1.jar:/home/nadir/.m2/repository/org/seleniumhq/selenium/selenium-ie-driver/4.7.1/selenium-ie-driver-4.7.1.jar:/home/nadir/.m2/repository/org/projectlombok/lombok/1.18.20/lombok-1.18.20.jar:/home/nadir/.m2/repository/io/appium/java-client/8.3.0/java-client-8.3.0.jar:/home/nadir/.m2/repository/commons-validator/commons-validator/1.7/commons-validator-1.7.jar:/home/nadir/.m2/repository/commons-digester/commons-digester/2.1/commons-digester-2.1.jar:/home/nadir/.m2/repository/org/apache/groovy/groovy/4.0.6/groovy-4.0.6.jar:/home/nadir/.m2/repository/net/sf/opencsv/opencsv/2.0/opencsv-2.0.jar:/home/nadir/.m2/repository/commons-beanutils/commons-beanutils/1.9.4/commons-beanutils-1.9.4.jar:/home/nadir/.m2/repository/org/apache/commons/commons-lang3/3.12.0/commons-lang3-3.12.0.jar:/home/nadir/.m2/repository/commons-collections/commons-collections/3.2.2/commons-collections-3.2.2.jar:/home/nadir/.m2/repository/org/fluentlenium/fluentlenium-core/0.10.2/fluentlenium-core-0.10.2.jar:/home/nadir/.m2/repository/io/github/bonigarcia/webdrivermanager/5.3.0/webdrivermanager-5.3.0.jar:/home/nadir/.m2/repository/com/github/docker-java/docker-java/3.2.13/docker-java-3.2.13.jar:/home/nadir/.m2/repository/com/github/docker-java/docker-java-core/3.2.13/docker-java-core-3.2.13.jar:/home/nadir/.m2/repository/com/github/docker-java/docker-java-api/3.2.13/docker-java-api-3.2.13.jar:/home/nadir/.m2/repository/org/apache/commons/commons-compress/1.21/commons-compress-1.21.jar:/home/nadir/.m2/repository/org/bouncycastle/bcpkix-jdk15on/1.64/bcpkix-jdk15on-1.64.jar:/home/nadir/.m2/repository/org/bouncycastle/bcprov-jdk15on/1.64/bcprov-jdk15on-1.64.jar:/home/nadir/.m2/repository/org/slf4j/jcl-over-slf4j/1.7.30/jcl-over-slf4j-1.7.30.jar:/home/nadir/.m2/repository/com/github/docker-java/docker-java-transport-httpclient5/3.2.13/docker-java-transport-httpclient5-3.2.13.jar:/home/nadir/.m2/repository/com/github/docker-java/docker-java-transport/3.2.13/docker-java-transport-3.2.13.jar:/home/nadir/.m2/repository/net/java/dev/jna/jna/5.8.0/jna-5.8.0.jar:/home/nadir/.m2/repository/org/brotli/dec/0.1.2/dec-0.1.2.jar:/home/nadir/.m2/repository/org/apache/httpcomponents/client5/httpclient5/5.1.3/httpclient5-5.1.3.jar:/home/nadir/.m2/repository/org/apache/httpcomponents/core5/httpcore5/5.1.3/httpcore5-5.1.3.jar:/home/nadir/.m2/repository/org/apache/httpcomponents/core5/httpcore5-h2/5.1.3/httpcore5-h2-5.1.3.jar:/home/nadir/.m2/repository/com/jhlabs/filters/2.0.235/filters-2.0.235.jar:/home/nadir/.m2/repository/com/paulhammant/ngwebdriver/1.1.6/ngwebdriver-1.1.6.jar:/home/nadir/.m2/repository/joda-time/joda-time/2.8.2/joda-time-2.8.2.jar:/home/nadir/.m2/repository/org/hamcrest/hamcrest/2.2/hamcrest-2.2.jar:/home/nadir/.m2/repository/com/google/jimfs/jimfs/1.2/jimfs-1.2.jar:/home/nadir/.m2/repository/org/mockito/mockito-core/3.3.3/mockito-core-3.3.3.jar:/home/nadir/.m2/repository/javax/xml/bind/jaxb-api/2.3.1/jaxb-api-2.3.1.jar:/home/nadir/.m2/repository/javax/activation/javax.activation-api/1.2.0/javax.activation-api-1.2.0.jar:/home/nadir/.m2/repository/com/sun/xml/bind/jaxb-core/2.3.0.1/jaxb-core-2.3.0.1.jar:/home/nadir/.m2/repository/com/sun/xml/bind/jaxb-impl/2.3.3/jaxb-impl-2.3.3.jar:/home/nadir/.m2/repository/jakarta/xml/bind/jakarta.xml.bind-api/2.3.3/jakarta.xml.bind-api-2.3.3.jar:/home/nadir/.m2/repository/com/sun/activation/jakarta.activation/1.2.2/jakarta.activation-1.2.2.jar:/home/nadir/.m2/repository/javax/activation/activation/1.1.1/activation-1.1.1.jar:/home/nadir/.m2/repository/net/serenity-bdd/serenity-junit/3.5.1/serenity-junit-3.5.1.jar:/home/nadir/.m2/repository/net/serenity-bdd/serenity-screenplay/3.5.1/serenity-screenplay-3.5.1.jar:/home/nadir/.m2/repository/net/serenity-bdd/serenity-rest-assured/3.5.1/serenity-rest-assured-3.5.1.jar:/home/nadir/.m2/repository/io/rest-assured/rest-assured/5.2.0/rest-assured-5.2.0.jar:/home/nadir/.m2/repository/org/apache/httpcomponents/httpmime/4.5.13/httpmime-4.5.13.jar:/home/nadir/.m2/repository/org/ccil/cowan/tagsoup/tagsoup/1.2.1/tagsoup-1.2.1.jar:/home/nadir/.m2/repository/io/rest-assured/json-path/5.2.0/json-path-5.2.0.jar:/home/nadir/.m2/repository/io/rest-assured/rest-assured-common/5.2.0/rest-assured-common-5.2.0.jar:/home/nadir/.m2/repository/io/rest-assured/xml-path/5.2.0/xml-path-5.2.0.jar:/home/nadir/.m2/repository/org/apache/groovy/groovy-json/4.0.6/groovy-json-4.0.6.jar:/home/nadir/.m2/repository/org/apache/groovy/groovy-xml/4.0.6/groovy-xml-4.0.6.jar:/home/nadir/.m2/repository/org/opentest4j/opentest4j/1.2.0/opentest4j-1.2.0.jar:/home/nadir/.m2/repository/net/serenity-bdd/serenity-cucumber/3.5.1/serenity-cucumber-3.5.1.jar:/home/nadir/.m2/repository/io/cucumber/cucumber-core/7.8.1/cucumber-core-7.8.1.jar:/home/nadir/.m2/repository/io/cucumber/cucumber-gherkin/7.8.1/cucumber-gherkin-7.8.1.jar:/home/nadir/.m2/repository/io/cucumber/cucumber-gherkin-messages/7.8.1/cucumber-gherkin-messages-7.8.1.jar:/home/nadir/.m2/repository/io/cucumber/gherkin/24.0.0/gherkin-24.0.0.jar:/home/nadir/.m2/repository/io/cucumber/messages/19.1.4/messages-19.1.4.jar:/home/nadir/.m2/repository/io/cucumber/tag-expressions/4.1.0/tag-expressions-4.1.0.jar:/home/nadir/.m2/repository/io/cucumber/cucumber-expressions/16.0.0/cucumber-expressions-16.0.0.jar:/home/nadir/.m2/repository/io/cucumber/datatable/7.8.1/datatable-7.8.1.jar:/home/nadir/.m2/repository/io/cucumber/cucumber-plugin/7.8.1/cucumber-plugin-7.8.1.jar:/home/nadir/.m2/repository/io/cucumber/docstring/7.8.1/docstring-7.8.1.jar:/home/nadir/.m2/repository/io/cucumber/html-formatter/20.1.0/html-formatter-20.1.0.jar:/home/nadir/.m2/repository/io/cucumber/ci-environment/9.1.0/ci-environment-9.1.0.jar:/home/nadir/.m2/repository/io/cucumber/cucumber-java/7.8.1/cucumber-java-7.8.1.jar:/home/nadir/.m2/repository/io/cucumber/cucumber-junit/7.8.1/cucumber-junit-7.8.1.jar:/home/nadir/.m2/repository/org/apiguardian/apiguardian-api/1.1.2/apiguardian-api-1.1.2.jar:/home/nadir/.m2/repository/org/apache/commons/commons-csv/1.5/commons-csv-1.5.jar:/home/nadir/.m2/repository/net/serenity-bdd/serenity-screenplay-webdriver/3.5.1/serenity-screenplay-webdriver-3.5.1.jar:/home/nadir/.m2/repository/net/serenity-bdd/serenity-jbehave/1.46.0/serenity-jbehave-1.46.0.jar:/home/nadir/.m2/repository/commons-logging/commons-logging/1.2/commons-logging-1.2.jar:/home/nadir/.m2/repository/com/thoughtworks/paranamer/paranamer/2.8/paranamer-2.8.jar:/home/nadir/.m2/repository/org/jbehave/jbehave-core/4.4/jbehave-core-4.4.jar:/home/nadir/.m2/repository/org/hamcrest/hamcrest-library/1.3/hamcrest-library-1.3.jar:/home/nadir/.m2/repository/org/hamcrest/hamcrest-integration/1.3/hamcrest-integration-1.3.jar:/home/nadir/.m2/repository/org/apache/commons/commons-collections4/4.1/commons-collections4-4.1.jar:/home/nadir/.m2/repository/org/codehaus/plexus/plexus-utils/3.1.0/plexus-utils-3.1.0.jar:/home/nadir/.m2/repository/com/github/valfirst/jbehave-junit-runner/2.2.0/jbehave-junit-runner-2.2.0.jar:/home/nadir/.m2/repository/org/reflections/reflections/0.9.11/reflections-0.9.11.jar:/home/nadir/.m2/repository/org/javassist/javassist/3.21.0-GA/javassist-3.21.0-GA.jar:/home/nadir/.m2/repository/org/codehaus/groovy/groovy-all/2.4.13/groovy-all-2.4.13.jar:/home/nadir/.m2/repository/junit/junit/4.12/junit-4.12.jar:/home/nadir/.m2/repository/org/hamcrest/hamcrest-core/1.3/hamcrest-core-1.3.jar:/home/nadir/.m2/repository/org/assertj/assertj-core/3.6.2/assertj-core-3.6.2.jar:/home/nadir/.m2/repository/org/hamcrest/hamcrest-all/1.3/hamcrest-all-1.3.jar:"/>
    <property name="java.vm.vendor" value="Private Build"/>
    <property name="sun.arch.data.model" value="64"/>
    <property name="java.vendor.url" value="Unknown"/>
    <property name="os.name" value="Linux"/>
    <property name="java.vm.specification.version" value="17"/>
    <property name="sun.java.launcher" value="SUN_STANDARD"/>
    <property name="user.country" value="US"/>
    <property name="sun.boot.library.path" value="/usr/lib/jvm/java-17-openjdk-amd64/lib"/>
    <property name="sun.java.command" value="/home/nadir/IdeaProjects/minproQE/target/surefire/surefirebooter9559107449616852299.jar /home/nadir/IdeaProjects/minproQE/target/surefire 2023-05-10T08-41-49_647-jvmRun1 surefire7772122976786804502tmp surefire_012510734806138650621tmp"/>
    <property name="jdk.debug" value="release"/>
    <property name="surefire.test.class.path" value="/home/nadir/IdeaProjects/minproQE/target/test-classes:/home/nadir/IdeaProjects/minproQE/target/minproQE-1.0-SNAPSHOT.jar:/home/nadir/.m2/repository/ch/qos/logback/logback-classic/1.0.13/logback-classic-1.0.13.jar:/home/nadir/.m2/repository/ch/qos/logback/logback-core/1.0.13/logback-core-1.0.13.jar:/home/nadir/.m2/repository/org/slf4j/slf4j-api/1.7.5/slf4j-api-1.7.5.jar:/home/nadir/.m2/repository/org/json/json/20220924/json-20220924.jar:/home/nadir/.m2/repository/net/serenity-bdd/serenity-core/3.5.1/serenity-core-3.5.1.jar:/home/nadir/.m2/repository/net/serenity-bdd/serenity-model/3.5.1/serenity-model-3.5.1.jar:/home/nadir/.m2/repository/org/apache/commons/commons-text/1.10.0/commons-text-1.10.0.jar:/home/nadir/.m2/repository/commons-net/commons-net/3.8.0/commons-net-3.8.0.jar:/home/nadir/.m2/repository/com/google/guava/guava/31.1-jre/guava-31.1-jre.jar:/home/nadir/.m2/repository/com/google/guava/failureaccess/1.0.1/failureaccess-1.0.1.jar:/home/nadir/.m2/repository/com/google/guava/listenablefuture/9999.0-empty-to-avoid-conflict-with-guava/listenablefuture-9999.0-empty-to-avoid-conflict-with-guava.jar:/home/nadir/.m2/repository/com/google/code/findbugs/jsr305/3.0.2/jsr305-3.0.2.jar:/home/nadir/.m2/repository/org/checkerframework/checker-qual/3.12.0/checker-qual-3.12.0.jar:/home/nadir/.m2/repository/com/google/errorprone/error_prone_annotations/2.11.0/error_prone_annotations-2.11.0.jar:/home/nadir/.m2/repository/com/google/j2objc/j2objc-annotations/1.3/j2objc-annotations-1.3.jar:/home/nadir/.m2/repository/com/google/inject/guice/5.1.0/guice-5.1.0.jar:/home/nadir/.m2/repository/javax/inject/javax.inject/1/javax.inject-1.jar:/home/nadir/.m2/repository/aopalliance/aopalliance/1.0/aopalliance-1.0.jar:/home/nadir/.m2/repository/org/jsoup/jsoup/1.14.3/jsoup-1.14.3.jar:/home/nadir/.m2/repository/com/thoughtworks/xstream/xstream/1.4.19/xstream-1.4.19.jar:/home/nadir/.m2/repository/io/github/x-stream/mxparser/1.2.2/mxparser-1.2.2.jar:/home/nadir/.m2/repository/xmlpull/xmlpull/1.1.3.1/xmlpull-1.1.3.1.jar:/home/nadir/.m2/repository/com/typesafe/config/1.4.2/config-1.4.2.jar:/home/nadir/.m2/repository/org/imgscalr/imgscalr-lib/4.2/imgscalr-lib-4.2.jar:/home/nadir/.m2/repository/org/awaitility/awaitility/4.2.0/awaitility-4.2.0.jar:/home/nadir/.m2/repository/org/freemarker/freemarker/2.3.31/freemarker-2.3.31.jar:/home/nadir/.m2/repository/io/github/classgraph/classgraph/4.8.138/classgraph-4.8.138.jar:/home/nadir/.m2/repository/net/sourceforge/jexcelapi/jxl/2.6.12/jxl-2.6.12.jar:/home/nadir/.m2/repository/net/bytebuddy/byte-buddy/1.12.18/byte-buddy-1.12.18.jar:/home/nadir/.m2/repository/net/bytebuddy/byte-buddy-agent/1.12.18/byte-buddy-agent-1.12.18.jar:/home/nadir/.m2/repository/org/objenesis/objenesis/3.1/objenesis-3.1.jar:/home/nadir/.m2/repository/net/serenity-bdd/serenity-reports/3.5.1/serenity-reports-3.5.1.jar:/home/nadir/.m2/repository/net/serenity-bdd/serenity-stats/3.5.1/serenity-stats-3.5.1.jar:/home/nadir/.m2/repository/org/jetbrains/kotlin/kotlin-stdlib/1.7.21/kotlin-stdlib-1.7.21.jar:/home/nadir/.m2/repository/org/jetbrains/kotlin/kotlin-stdlib-common/1.7.21/kotlin-stdlib-common-1.7.21.jar:/home/nadir/.m2/repository/org/jetbrains/annotations/13.0/annotations-13.0.jar:/home/nadir/.m2/repository/net/serenity-bdd/serenity-reports-configuration/3.5.1/serenity-reports-configuration-3.5.1.jar:/home/nadir/.m2/repository/com/vladsch/flexmark/flexmark-all/0.34.30/flexmark-all-0.34.30.jar:/home/nadir/.m2/repository/com/vladsch/flexmark/flexmark/0.34.30/flexmark-0.34.30.jar:/home/nadir/.m2/repository/com/vladsch/flexmark/flexmark-ext-abbreviation/0.34.30/flexmark-ext-abbreviation-0.34.30.jar:/home/nadir/.m2/repository/com/vladsch/flexmark/flexmark-ext-admonition/0.34.30/flexmark-ext-admonition-0.34.30.jar:/home/nadir/.m2/repository/com/vladsch/flexmark/flexmark-ext-anchorlink/0.34.30/flexmark-ext-anchorlink-0.34.30.jar:/home/nadir/.m2/repository/com/vladsch/flexmark/flexmark-ext-aside/0.34.30/flexmark-ext-aside-0.34.30.jar:/home/nadir/.m2/repository/com/vladsch/flexmark/flexmark-ext-attributes/0.34.30/flexmark-ext-attributes-0.34.30.jar:/home/nadir/.m2/repository/com/vladsch/flexmark/flexmark-ext-autolink/0.34.30/flexmark-ext-autolink-0.34.30.jar:/home/nadir/.m2/repository/org/nibor/autolink/autolink/0.6.0/autolink-0.6.0.jar:/home/nadir/.m2/repository/com/vladsch/flexmark/flexmark-ext-definition/0.34.30/flexmark-ext-definition-0.34.30.jar:/home/nadir/.m2/repository/com/vladsch/flexmark/flexmark-ext-emoji/0.34.30/flexmark-ext-emoji-0.34.30.jar:/home/nadir/.m2/repository/com/vladsch/flexmark/flexmark-ext-enumerated-reference/0.34.30/flexmark-ext-enumerated-reference-0.34.30.jar:/home/nadir/.m2/repository/com/vladsch/flexmark/flexmark-ext-escaped-character/0.34.30/flexmark-ext-escaped-character-0.34.30.jar:/home/nadir/.m2/repository/com/vladsch/flexmark/flexmark-ext-footnotes/0.34.30/flexmark-ext-footnotes-0.34.30.jar:/home/nadir/.m2/repository/com/vladsch/flexmark/flexmark-ext-gfm-issues/0.34.30/flexmark-ext-gfm-issues-0.34.30.jar:/home/nadir/.m2/repository/com/vladsch/flexmark/flexmark-ext-gfm-strikethrough/0.34.30/flexmark-ext-gfm-strikethrough-0.34.30.jar:/home/nadir/.m2/repository/com/vladsch/flexmark/flexmark-ext-gfm-tables/0.34.30/flexmark-ext-gfm-tables-0.34.30.jar:/home/nadir/.m2/repository/com/vladsch/flexmark/flexmark-ext-gfm-tasklist/0.34.30/flexmark-ext-gfm-tasklist-0.34.30.jar:/home/nadir/.m2/repository/com/vladsch/flexmark/flexmark-ext-gfm-users/0.34.30/flexmark-ext-gfm-users-0.34.30.jar:/home/nadir/.m2/repository/com/vladsch/flexmark/flexmark-ext-gitlab/0.34.30/flexmark-ext-gitlab-0.34.30.jar:/home/nadir/.m2/repository/com/vladsch/flexmark/flexmark-ext-jekyll-front-matter/0.34.30/flexmark-ext-jekyll-front-matter-0.34.30.jar:/home/nadir/.m2/repository/com/vladsch/flexmark/flexmark-ext-jekyll-tag/0.34.30/flexmark-ext-jekyll-tag-0.34.30.jar:/home/nadir/.m2/repository/com/vladsch/flexmark/flexmark-ext-media-tags/0.34.30/flexmark-ext-media-tags-0.34.30.jar:/home/nadir/.m2/repository/com/vladsch/flexmark/flexmark-test-util/0.34.30/flexmark-test-util-0.34.30.jar:/home/nadir/.m2/repository/com/vladsch/flexmark/flexmark-ext-ins/0.34.30/flexmark-ext-ins-0.34.30.jar:/home/nadir/.m2/repository/com/vladsch/flexmark/flexmark-ext-xwiki-macros/0.34.30/flexmark-ext-xwiki-macros-0.34.30.jar:/home/nadir/.m2/repository/com/vladsch/flexmark/flexmark-ext-superscript/0.34.30/flexmark-ext-superscript-0.34.30.jar:/home/nadir/.m2/repository/com/vladsch/flexmark/flexmark-ext-tables/0.34.30/flexmark-ext-tables-0.34.30.jar:/home/nadir/.m2/repository/com/vladsch/flexmark/flexmark-ext-toc/0.34.30/flexmark-ext-toc-0.34.30.jar:/home/nadir/.m2/repository/com/vladsch/flexmark/flexmark-ext-typographic/0.34.30/flexmark-ext-typographic-0.34.30.jar:/home/nadir/.m2/repository/com/vladsch/flexmark/flexmark-ext-wikilink/0.34.30/flexmark-ext-wikilink-0.34.30.jar:/home/nadir/.m2/repository/com/vladsch/flexmark/flexmark-ext-yaml-front-matter/0.34.30/flexmark-ext-yaml-front-matter-0.34.30.jar:/home/nadir/.m2/repository/com/vladsch/flexmark/flexmark-ext-youtube-embedded/0.34.30/flexmark-ext-youtube-embedded-0.34.30.jar:/home/nadir/.m2/repository/com/vladsch/flexmark/flexmark-formatter/0.34.30/flexmark-formatter-0.34.30.jar:/home/nadir/.m2/repository/com/vladsch/flexmark/flexmark-html-parser/0.34.30/flexmark-html-parser-0.34.30.jar:/home/nadir/.m2/repository/com/vladsch/flexmark/flexmark-jira-converter/0.34.30/flexmark-jira-converter-0.34.30.jar:/home/nadir/.m2/repository/com/vladsch/flexmark/flexmark-pdf-converter/0.34.30/flexmark-pdf-converter-0.34.30.jar:/home/nadir/.m2/repository/com/openhtmltopdf/openhtmltopdf-core/0.0.1-RC13/openhtmltopdf-core-0.0.1-RC13.jar:/home/nadir/.m2/repository/com/openhtmltopdf/openhtmltopdf-pdfbox/0.0.1-RC13/openhtmltopdf-pdfbox-0.0.1-RC13.jar:/home/nadir/.m2/repository/org/apache/pdfbox/pdfbox/2.0.8/pdfbox-2.0.8.jar:/home/nadir/.m2/repository/org/apache/pdfbox/fontbox/2.0.8/fontbox-2.0.8.jar:/home/nadir/.m2/repository/org/apache/pdfbox/xmpbox/2.0.8/xmpbox-2.0.8.jar:/home/nadir/.m2/repository/de/rototor/pdfbox/graphics2d/0.12/graphics2d-0.12.jar:/home/nadir/.m2/repository/com/openhtmltopdf/openhtmltopdf-rtl-support/0.0.1-RC13/openhtmltopdf-rtl-support-0.0.1-RC13.jar:/home/nadir/.m2/repository/com/ibm/icu/icu4j/59.1/icu4j-59.1.jar:/home/nadir/.m2/repository/com/openhtmltopdf/openhtmltopdf-jsoup-dom-converter/0.0.1-RC13/openhtmltopdf-jsoup-dom-converter-0.0.1-RC13.jar:/home/nadir/.m2/repository/com/vladsch/flexmark/flexmark-profile-pegdown/0.34.30/flexmark-profile-pegdown-0.34.30.jar:/home/nadir/.m2/repository/com/vladsch/flexmark/flexmark-util/0.34.30/flexmark-util-0.34.30.jar:/home/nadir/.m2/repository/com/vladsch/flexmark/flexmark-youtrack-converter/0.34.30/flexmark-youtrack-converter-0.34.30.jar:/home/nadir/.m2/repository/es/nitaur/markdown/txtmark/0.16/txtmark-0.16.jar:/home/nadir/.m2/repository/net/serenity-bdd/serenity-report-resources/3.5.1/serenity-report-resources-3.5.1.jar:/home/nadir/.m2/repository/com/google/code/gson/gson/2.9.0/gson-2.9.0.jar:/home/nadir/.m2/repository/com/fasterxml/jackson/core/jackson-core/2.13.4/jackson-core-2.13.4.jar:/home/nadir/.m2/repository/com/fasterxml/jackson/core/jackson-databind/2.13.4/jackson-databind-2.13.4.jar:/home/nadir/.m2/repository/com/fasterxml/jackson/core/jackson-annotations/2.13.4/jackson-annotations-2.13.4.jar:/home/nadir/.m2/repository/commons-codec/commons-codec/1.15/commons-codec-1.15.jar:/home/nadir/.m2/repository/commons-io/commons-io/2.11.0/commons-io-2.11.0.jar:/home/nadir/.m2/repository/org/apache/httpcomponents/httpclient/4.5.13/httpclient-4.5.13.jar:/home/nadir/.m2/repository/org/apache/httpcomponents/httpcore/4.4.13/httpcore-4.4.13.jar:/home/nadir/.m2/repository/org/seleniumhq/selenium/selenium-java/4.7.1/selenium-java-4.7.1.jar:/home/nadir/.m2/repository/org/seleniumhq/selenium/selenium-devtools-v106/4.7.1/selenium-devtools-v106-4.7.1.jar:/home/nadir/.m2/repository/org/seleniumhq/selenium/selenium-devtools-v107/4.7.1/selenium-devtools-v107-4.7.1.jar:/home/nadir/.m2/repository/org/seleniumhq/selenium/selenium-devtools-v108/4.7.1/selenium-devtools-v108-4.7.1.jar:/home/nadir/.m2/repository/org/seleniumhq/selenium/selenium-devtools-v85/4.7.1/selenium-devtools-v85-4.7.1.jar:/home/nadir/.m2/repository/org/seleniumhq/selenium/selenium-remote-driver/4.7.1/selenium-remote-driver-4.7.1.jar:/home/nadir/.m2/repository/com/beust/jcommander/1.82/jcommander-1.82.jar:/home/nadir/.m2/repository/io/netty/netty-buffer/4.1.84.Final/netty-buffer-4.1.84.Final.jar:/home/nadir/.m2/repository/io/netty/netty-codec-http/4.1.84.Final/netty-codec-http-4.1.84.Final.jar:/home/nadir/.m2/repository/io/netty/netty-codec/4.1.84.Final/netty-codec-4.1.84.Final.jar:/home/nadir/.m2/repository/io/netty/netty-handler/4.1.84.Final/netty-handler-4.1.84.Final.jar:/home/nadir/.m2/repository/io/netty/netty-common/4.1.84.Final/netty-common-4.1.84.Final.jar:/home/nadir/.m2/repository/io/netty/netty-transport-classes-epoll/4.1.84.Final/netty-transport-classes-epoll-4.1.84.Final.jar:/home/nadir/.m2/repository/io/netty/netty-transport-classes-kqueue/4.1.84.Final/netty-transport-classes-kqueue-4.1.84.Final.jar:/home/nadir/.m2/repository/io/netty/netty-transport-native-epoll/4.1.84.Final/netty-transport-native-epoll-4.1.84.Final.jar:/home/nadir/.m2/repository/io/netty/netty-transport-native-kqueue/4.1.84.Final/netty-transport-native-kqueue-4.1.84.Final.jar:/home/nadir/.m2/repository/io/netty/netty-transport-native-unix-common/4.1.84.Final/netty-transport-native-unix-common-4.1.84.Final.jar:/home/nadir/.m2/repository/io/netty/netty-transport/4.1.84.Final/netty-transport-4.1.84.Final.jar:/home/nadir/.m2/repository/io/netty/netty-resolver/4.1.84.Final/netty-resolver-4.1.84.Final.jar:/home/nadir/.m2/repository/io/opentelemetry/opentelemetry-api/1.19.0/opentelemetry-api-1.19.0.jar:/home/nadir/.m2/repository/io/opentelemetry/opentelemetry-context/1.19.0/opentelemetry-context-1.19.0.jar:/home/nadir/.m2/repository/io/opentelemetry/opentelemetry-exporter-logging/1.19.0/opentelemetry-exporter-logging-1.19.0.jar:/home/nadir/.m2/repository/io/opentelemetry/opentelemetry-sdk-metrics/1.19.0/opentelemetry-sdk-metrics-1.19.0.jar:/home/nadir/.m2/repository/io/opentelemetry/opentelemetry-sdk-logs/1.19.0-alpha/opentelemetry-sdk-logs-1.19.0-alpha.jar:/home/nadir/.m2/repository/io/opentelemetry/opentelemetry-api-logs/1.19.0-alpha/opentelemetry-api-logs-1.19.0-alpha.jar:/home/nadir/.m2/repository/io/opentelemetry/opentelemetry-sdk-common/1.19.0/opentelemetry-sdk-common-1.19.0.jar:/home/nadir/.m2/repository/io/opentelemetry/opentelemetry-sdk-extension-autoconfigure-spi/1.19.0/opentelemetry-sdk-extension-autoconfigure-spi-1.19.0.jar:/home/nadir/.m2/repository/io/opentelemetry/opentelemetry-sdk-extension-autoconfigure/1.19.0-alpha/opentelemetry-sdk-extension-autoconfigure-1.19.0-alpha.jar:/home/nadir/.m2/repository/io/opentelemetry/opentelemetry-exporter-common/1.19.0/opentelemetry-exporter-common-1.19.0.jar:/home/nadir/.m2/repository/io/opentelemetry/opentelemetry-sdk-trace/1.19.0/opentelemetry-sdk-trace-1.19.0.jar:/home/nadir/.m2/repository/io/opentelemetry/opentelemetry-sdk/1.19.0/opentelemetry-sdk-1.19.0.jar:/home/nadir/.m2/repository/io/opentelemetry/opentelemetry-semconv/1.19.0-alpha/opentelemetry-semconv-1.19.0-alpha.jar:/home/nadir/.m2/repository/io/ous/jtoml/2.0.0/jtoml-2.0.0.jar:/home/nadir/.m2/repository/org/apache/commons/commons-exec/1.3/commons-exec-1.3.jar:/home/nadir/.m2/repository/org/asynchttpclient/async-http-client/2.12.3/async-http-client-2.12.3.jar:/home/nadir/.m2/repository/org/asynchttpclient/async-http-client-netty-utils/2.12.3/async-http-client-netty-utils-2.12.3.jar:/home/nadir/.m2/repository/io/netty/netty-codec-socks/4.1.60.Final/netty-codec-socks-4.1.60.Final.jar:/home/nadir/.m2/repository/io/netty/netty-handler-proxy/4.1.60.Final/netty-handler-proxy-4.1.60.Final.jar:/home/nadir/.m2/repository/io/netty/netty-transport-native-epoll/4.1.60.Final/netty-transport-native-epoll-4.1.60.Final-linux-x86_64.jar:/home/nadir/.m2/repository/io/netty/netty-transport-native-kqueue/4.1.60.Final/netty-transport-native-kqueue-4.1.60.Final-osx-x86_64.jar:/home/nadir/.m2/repository/org/reactivestreams/reactive-streams/1.0.3/reactive-streams-1.0.3.jar:/home/nadir/.m2/repository/com/typesafe/netty/netty-reactive-streams/2.0.4/netty-reactive-streams-2.0.4.jar:/home/nadir/.m2/repository/org/seleniumhq/selenium/selenium-manager/4.7.1/selenium-manager-4.7.1.jar:/home/nadir/.m2/repository/org/seleniumhq/selenium/selenium-safari-driver/4.7.1/selenium-safari-driver-4.7.1.jar:/home/nadir/.m2/repository/org/seleniumhq/selenium/selenium-api/4.7.1/selenium-api-4.7.1.jar:/home/nadir/.m2/repository/org/seleniumhq/selenium/selenium-support/4.7.1/selenium-support-4.7.1.jar:/home/nadir/.m2/repository/com/google/auto/service/auto-service-annotations/1.0.1/auto-service-annotations-1.0.1.jar:/home/nadir/.m2/repository/com/google/auto/service/auto-service/1.0.1/auto-service-1.0.1.jar:/home/nadir/.m2/repository/com/google/auto/auto-common/1.2/auto-common-1.2.jar:/home/nadir/.m2/repository/org/seleniumhq/selenium/selenium-json/4.7.1/selenium-json-4.7.1.jar:/home/nadir/.m2/repository/org/seleniumhq/selenium/selenium-chrome-driver/4.7.1/selenium-chrome-driver-4.7.1.jar:/home/nadir/.m2/repository/org/seleniumhq/selenium/selenium-chromium-driver/4.7.1/selenium-chromium-driver-4.7.1.jar:/home/nadir/.m2/repository/org/seleniumhq/selenium/selenium-firefox-driver/4.7.1/selenium-firefox-driver-4.7.1.jar:/home/nadir/.m2/repository/org/seleniumhq/selenium/selenium-http/4.7.1/selenium-http-4.7.1.jar:/home/nadir/.m2/repository/dev/failsafe/failsafe/3.3.0/failsafe-3.3.0.jar:/home/nadir/.m2/repository/org/seleniumhq/selenium/selenium-edge-driver/4.7.1/selenium-edge-driver-4.7.1.jar:/home/nadir/.m2/repository/org/seleniumhq/selenium/selenium-ie-driver/4.7.1/selenium-ie-driver-4.7.1.jar:/home/nadir/.m2/repository/org/projectlombok/lombok/1.18.20/lombok-1.18.20.jar:/home/nadir/.m2/repository/io/appium/java-client/8.3.0/java-client-8.3.0.jar:/home/nadir/.m2/repository/commons-validator/commons-validator/1.7/commons-validator-1.7.jar:/home/nadir/.m2/repository/commons-digester/commons-digester/2.1/commons-digester-2.1.jar:/home/nadir/.m2/repository/org/apache/groovy/groovy/4.0.6/groovy-4.0.6.jar:/home/nadir/.m2/repository/net/sf/opencsv/opencsv/2.0/opencsv-2.0.jar:/home/nadir/.m2/repository/commons-beanutils/commons-beanutils/1.9.4/commons-beanutils-1.9.4.jar:/home/nadir/.m2/repository/org/apache/commons/commons-lang3/3.12.0/commons-lang3-3.12.0.jar:/home/nadir/.m2/repository/commons-collections/commons-collections/3.2.2/commons-collections-3.2.2.jar:/home/nadir/.m2/repository/org/fluentlenium/fluentlenium-core/0.10.2/fluentlenium-core-0.10.2.jar:/home/nadir/.m2/repository/io/github/bonigarcia/webdrivermanager/5.3.0/webdrivermanager-5.3.0.jar:/home/nadir/.m2/repository/com/github/docker-java/docker-java/3.2.13/docker-java-3.2.13.jar:/home/nadir/.m2/repository/com/github/docker-java/docker-java-core/3.2.13/docker-java-core-3.2.13.jar:/home/nadir/.m2/repository/com/github/docker-java/docker-java-api/3.2.13/docker-java-api-3.2.13.jar:/home/nadir/.m2/repository/org/apache/commons/commons-compress/1.21/commons-compress-1.21.jar:/home/nadir/.m2/repository/org/bouncycastle/bcpkix-jdk15on/1.64/bcpkix-jdk15on-1.64.jar:/home/nadir/.m2/repository/org/bouncycastle/bcprov-jdk15on/1.64/bcprov-jdk15on-1.64.jar:/home/nadir/.m2/repository/org/slf4j/jcl-over-slf4j/1.7.30/jcl-over-slf4j-1.7.30.jar:/home/nadir/.m2/repository/com/github/docker-java/docker-java-transport-httpclient5/3.2.13/docker-java-transport-httpclient5-3.2.13.jar:/home/nadir/.m2/repository/com/github/docker-java/docker-java-transport/3.2.13/docker-java-transport-3.2.13.jar:/home/nadir/.m2/repository/net/java/dev/jna/jna/5.8.0/jna-5.8.0.jar:/home/nadir/.m2/repository/org/brotli/dec/0.1.2/dec-0.1.2.jar:/home/nadir/.m2/repository/org/apache/httpcomponents/client5/httpclient5/5.1.3/httpclient5-5.1.3.jar:/home/nadir/.m2/repository/org/apache/httpcomponents/core5/httpcore5/5.1.3/httpcore5-5.1.3.jar:/home/nadir/.m2/repository/org/apache/httpcomponents/core5/httpcore5-h2/5.1.3/httpcore5-h2-5.1.3.jar:/home/nadir/.m2/repository/com/jhlabs/filters/2.0.235/filters-2.0.235.jar:/home/nadir/.m2/repository/com/paulhammant/ngwebdriver/1.1.6/ngwebdriver-1.1.6.jar:/home/nadir/.m2/repository/joda-time/joda-time/2.8.2/joda-time-2.8.2.jar:/home/nadir/.m2/repository/org/hamcrest/hamcrest/2.2/hamcrest-2.2.jar:/home/nadir/.m2/repository/com/google/jimfs/jimfs/1.2/jimfs-1.2.jar:/home/nadir/.m2/repository/org/mockito/mockito-core/3.3.3/mockito-core-3.3.3.jar:/home/nadir/.m2/repository/javax/xml/bind/jaxb-api/2.3.1/jaxb-api-2.3.1.jar:/home/nadir/.m2/repository/javax/activation/javax.activation-api/1.2.0/javax.activation-api-1.2.0.jar:/home/nadir/.m2/repository/com/sun/xml/bind/jaxb-core/2.3.0.1/jaxb-core-2.3.0.1.jar:/home/nadir/.m2/repository/com/sun/xml/bind/jaxb-impl/2.3.3/jaxb-impl-2.3.3.jar:/home/nadir/.m2/repository/jakarta/xml/bind/jakarta.xml.bind-api/2.3.3/jakarta.xml.bind-api-2.3.3.jar:/home/nadir/.m2/repository/com/sun/activation/jakarta.activation/1.2.2/jakarta.activation-1.2.2.jar:/home/nadir/.m2/repository/javax/activation/activation/1.1.1/activation-1.1.1.jar:/home/nadir/.m2/repository/net/serenity-bdd/serenity-junit/3.5.1/serenity-junit-3.5.1.jar:/home/nadir/.m2/repository/net/serenity-bdd/serenity-screenplay/3.5.1/serenity-screenplay-3.5.1.jar:/home/nadir/.m2/repository/net/serenity-bdd/serenity-rest-assured/3.5.1/serenity-rest-assured-3.5.1.jar:/home/nadir/.m2/repository/io/rest-assured/rest-assured/5.2.0/rest-assured-5.2.0.jar:/home/nadir/.m2/repository/org/apache/httpcomponents/httpmime/4.5.13/httpmime-4.5.13.jar:/home/nadir/.m2/repository/org/ccil/cowan/tagsoup/tagsoup/1.2.1/tagsoup-1.2.1.jar:/home/nadir/.m2/repository/io/rest-assured/json-path/5.2.0/json-path-5.2.0.jar:/home/nadir/.m2/repository/io/rest-assured/rest-assured-common/5.2.0/rest-assured-common-5.2.0.jar:/home/nadir/.m2/repository/io/rest-assured/xml-path/5.2.0/xml-path-5.2.0.jar:/home/nadir/.m2/repository/org/apache/groovy/groovy-json/4.0.6/groovy-json-4.0.6.jar:/home/nadir/.m2/repository/org/apache/groovy/groovy-xml/4.0.6/groovy-xml-4.0.6.jar:/home/nadir/.m2/repository/org/opentest4j/opentest4j/1.2.0/opentest4j-1.2.0.jar:/home/nadir/.m2/repository/net/serenity-bdd/serenity-cucumber/3.5.1/serenity-cucumber-3.5.1.jar:/home/nadir/.m2/repository/io/cucumber/cucumber-core/7.8.1/cucumber-core-7.8.1.jar:/home/nadir/.m2/repository/io/cucumber/cucumber-gherkin/7.8.1/cucumber-gherkin-7.8.1.jar:/home/nadir/.m2/repository/io/cucumber/cucumber-gherkin-messages/7.8.1/cucumber-gherkin-messages-7.8.1.jar:/home/nadir/.m2/repository/io/cucumber/gherkin/24.0.0/gherkin-24.0.0.jar:/home/nadir/.m2/repository/io/cucumber/messages/19.1.4/messages-19.1.4.jar:/home/nadir/.m2/repository/io/cucumber/tag-expressions/4.1.0/tag-expressions-4.1.0.jar:/home/nadir/.m2/repository/io/cucumber/cucumber-expressions/16.0.0/cucumber-expressions-16.0.0.jar:/home/nadir/.m2/repository/io/cucumber/datatable/7.8.1/datatable-7.8.1.jar:/home/nadir/.m2/repository/io/cucumber/cucumber-plugin/7.8.1/cucumber-plugin-7.8.1.jar:/home/nadir/.m2/repository/io/cucumber/docstring/7.8.1/docstring-7.8.1.jar:/home/nadir/.m2/repository/io/cucumber/html-formatter/20.1.0/html-formatter-20.1.0.jar:/home/nadir/.m2/repository/io/cucumber/ci-environment/9.1.0/ci-environment-9.1.0.jar:/home/nadir/.m2/repository/io/cucumber/cucumber-java/7.8.1/cucumber-java-7.8.1.jar:/home/nadir/.m2/repository/io/cucumber/cucumber-junit/7.8.1/cucumber-junit-7.8.1.jar:/home/nadir/.m2/repository/org/apiguardian/apiguardian-api/1.1.2/apiguardian-api-1.1.2.jar:/home/nadir/.m2/repository/org/apache/commons/commons-csv/1.5/commons-csv-1.5.jar:/home/nadir/.m2/repository/net/serenity-bdd/serenity-screenplay-webdriver/3.5.1/serenity-screenplay-webdriver-3.5.1.jar:/home/nadir/.m2/repository/net/serenity-bdd/serenity-jbehave/1.46.0/serenity-jbehave-1.46.0.jar:/home/nadir/.m2/repository/commons-logging/commons-logging/1.2/commons-logging-1.2.jar:/home/nadir/.m2/repository/com/thoughtworks/paranamer/paranamer/2.8/paranamer-2.8.jar:/home/nadir/.m2/repository/org/jbehave/jbehave-core/4.4/jbehave-core-4.4.jar:/home/nadir/.m2/repository/org/hamcrest/hamcrest-library/1.3/hamcrest-library-1.3.jar:/home/nadir/.m2/repository/org/hamcrest/hamcrest-integration/1.3/hamcrest-integration-1.3.jar:/home/nadir/.m2/repository/org/apache/commons/commons-collections4/4.1/commons-collections4-4.1.jar:/home/nadir/.m2/repository/org/codehaus/plexus/plexus-utils/3.1.0/plexus-utils-3.1.0.jar:/home/nadir/.m2/repository/com/github/valfirst/jbehave-junit-runner/2.2.0/jbehave-junit-runner-2.2.0.jar:/home/nadir/.m2/repository/org/reflections/reflections/0.9.11/reflections-0.9.11.jar:/home/nadir/.m2/repository/org/javassist/javassist/3.21.0-GA/javassist-3.21.0-GA.jar:/home/nadir/.m2/repository/org/codehaus/groovy/groovy-all/2.4.13/groovy-all-2.4.13.jar:/home/nadir/.m2/repository/junit/junit/4.12/junit-4.12.jar:/home/nadir/.m2/repository/org/hamcrest/hamcrest-core/1.3/hamcrest-core-1.3.jar:/home/nadir/.m2/repository/org/assertj/assertj-core/3.6.2/assertj-core-3.6.2.jar:/home/nadir/.m2/repository/org/hamcrest/hamcrest-all/1.3/hamcrest-all-1.3.jar:"/>
    <property name="sun.cpu.endian" value="little"/>
    <property name="user.home" value="/home/nadir"/>
    <property name="user.language" value="en"/>
    <property name="java.specification.vendor" value="Oracle Corporation"/>
    <property name="java.version.date" value="2023-01-17"/>
    <property name="java.home" value="/usr/lib/jvm/java-17-openjdk-amd64"/>
    <property name="file.separator" value="/"/>
    <property name="basedir" value="/home/nadir/IdeaProjects/minproQE"/>
    <property name="java.vm.compressedOopsMode" value="32-bit"/>
    <property name="line.separator" value="&#10;"/>
    <property name="java.vm.specification.vendor" value="Oracle Corporation"/>
    <property name="java.specification.name" value="Java Platform API Specification"/>
    <property name="surefire.real.class.path" value="/home/nadir/IdeaProjects/minproQE/target/surefire/surefirebooter9559107449616852299.jar"/>
    <property name="sun.management.compiler" value="HotSpot 64-Bit Tiered Compilers"/>
    <property name="java.runtime.version" value="17.0.6+10-Ubuntu-0ubuntu122.04"/>
    <property name="user.name" value="nadir"/>
    <property name="path.separator" value=":"/>
    <property name="os.version" value="5.19.0-41-generic"/>
    <property name="java.runtime.name" value="OpenJDK Runtime Environment"/>
    <property name="file.encoding" value="UTF-8"/>
    <property name="java.vm.name" value="OpenJDK 64-Bit Server VM"/>
    <property name="localRepository" value="/home/nadir/.m2/repository"/>
    <property name="java.vendor.url.bug" value="Unknown"/>
    <property name="java.io.tmpdir" value="/tmp"/>
    <property name="java.version" value="17.0.6"/>
    <property name="user.dir" value="/home/nadir/IdeaProjects/minproQE"/>
    <property name="os.arch" value="amd64"/>
    <property name="java.vm.specification.name" value="Java Virtual Machine Specification"/>
    <property name="native.encoding" value="UTF-8"/>
    <property name="java.library.path" value="/usr/java/packages/lib:/usr/lib/x86_64-linux-gnu/jni:/lib/x86_64-linux-gnu:/usr/lib/x86_64-linux-gnu:/usr/lib/jni:/lib:/usr/lib"/>
    <property name="java.vm.info" value="mixed mode, sharing"/>
    <property name="java.vendor" value="Private Build"/>
    <property name="java.vm.version" value="17.0.6+10-Ubuntu-0ubuntu122.04"/>
    <property name="sun.io.unicode.encoding" value="UnicodeLittle"/>
    <property name="java.class.version" value="61.0"/>
  </properties>
  <testcase name="GET - As user I have be able to register" classname="Auth" time="5.004"/>
  <testcase name="GET - As admin I have be able to get all products" classname="Product" time="1.186"/>
  <testcase name="POST - As admin I have be able to create a new product" classname="Product" time="0.451"/>
  <testcase name="POST - As admin I have be able to assign a rating" classname="Product" time="0.51">
    <failure message="1 expectation failed.&#10;Expected status code &lt;200&gt; but was &lt;500&gt;.&#10;" type="java.lang.AssertionError"><![CDATA[java.lang.AssertionError: 
1 expectation failed.
Expected status code <200> but was <500>.

]]></failure>
    <system-out><![CDATA[
Scenario: POST - As admin I have be able to assign a rating &amp#27;[90m# src/test/resources/api/Product.feature:17&amp#27;[0m
08:41:59.193 [main] INFO  i.c.core.plugin.SerenityReporter - Running feature from file:///home/nadir/IdeaProjects/minproQE/src/test/resources/api/Product.feature
08:41:59.196 [main] WARN  i.c.core.plugin.SerenityReporter - Feature from file:///home/nadir/IdeaProjects/minproQE/src/test/resources/api/Product.feature is not under the 'features' directory. Requirements report will not be correctly generated!
08:41:59.200 [main] INFO   - 
  _____   ___   ___   _____     ___   _____     _     ___   _____   ___   ___  
 |_   _| | __| / __| |_   _|   / __| |_   _|   /_\   | _ \ |_   _| | __| |   \ 
   | |   | _|  \__ \   | |     \__ \   | |    / _ \  |   /   | |   | _|  | |) |
   |_|   |___| |___/   |_|     |___/   |_|   /_/ \_\ |_|_\   |_|   |___| |___/ 

POST - As admin I have be able to assign a rating(product;post---as-admin-i-have-be-able-to-assign-a-rating)
--------------------------------------------------------------------------------
08:41:59.253 [main] DEBUG n.t.core.steps.StepInterceptor - STARTING STEP: ProductSteps.setPostApiEndpointRating - I set POST api endpoint for assign rating
08:41:59.254 [main] DEBUG n.t.core.steps.StepInterceptor - STEP DONE: I set POST api endpoint for assign rating
  &amp#27;[32mGiven &amp#27;[0m&amp#27;[32mI set POST api endpoint for assign rating&amp#27;[0m           &amp#27;[90m# starter.stepdefinitions.ProductSteps.setPostApiEndpointRating()&amp#27;[0m
08:41:59.261 [main] DEBUG n.t.core.steps.StepInterceptor - STARTING STEP: ProductSteps.sendPostHttpRequestRating - I send POST request for assign rating
08:41:59.297 [main] DEBUG o.a.h.i.c.BasicClientConnectionManager - Get connection for route {s}->https://altashop-api.fly.dev:443
08:41:59.297 [main] DEBUG o.a.h.i.c.DefaultClientConnectionOperator - Connecting to altashop-api.fly.dev:443
08:41:59.383 [main] DEBUG o.a.h.c.protocol.RequestAddCookies - CookieSpec selected: ignoreCookies
08:41:59.383 [main] DEBUG o.a.h.c.protocol.RequestAuthCache - Auth cache not set in the context
08:41:59.383 [main] DEBUG o.a.h.c.p.RequestTargetAuthentication - Target auth state: UNCHALLENGED
08:41:59.383 [main] DEBUG o.a.h.c.p.RequestProxyAuthentication - Proxy auth state: UNCHALLENGED
08:41:59.383 [main] DEBUG o.a.h.impl.client.DefaultHttpClient - Attempt 1 to execute request
08:41:59.383 [main] DEBUG o.a.h.i.conn.DefaultClientConnection - Sending request: POST /api/auth/login HTTP/1.1
08:41:59.384 [main] DEBUG org.apache.http.wire -  >> "POST /api/auth/login HTTP/1.1[\r][\n]"
08:41:59.384 [main] DEBUG org.apache.http.wire -  >> "Accept: */*[\r][\n]"
08:41:59.384 [main] DEBUG org.apache.http.wire -  >> "Content-Type: application/json[\r][\n]"
08:41:59.384 [main] DEBUG org.apache.http.wire -  >> "Content-Length: 46[\r][\n]"
08:41:59.384 [main] DEBUG org.apache.http.wire -  >> "Host: altashop-api.fly.dev[\r][\n]"
08:41:59.384 [main] DEBUG org.apache.http.wire -  >> "Connection: Keep-Alive[\r][\n]"
08:41:59.385 [main] DEBUG org.apache.http.wire -  >> "User-Agent: Apache-HttpClient/4.5.13 (Java/17.0.6)[\r][\n]"
08:41:59.385 [main] DEBUG org.apache.http.wire -  >> "Accept-Encoding: gzip,deflate[\r][\n]"
08:41:59.385 [main] DEBUG org.apache.http.wire -  >> "[\r][\n]"
08:41:59.385 [main] DEBUG org.apache.http.headers - >> POST /api/auth/login HTTP/1.1
08:41:59.385 [main] DEBUG org.apache.http.headers - >> Accept: */*
08:41:59.385 [main] DEBUG org.apache.http.headers - >> Content-Type: application/json
08:41:59.385 [main] DEBUG org.apache.http.headers - >> Content-Length: 46
08:41:59.385 [main] DEBUG org.apache.http.headers - >> Host: altashop-api.fly.dev
08:41:59.385 [main] DEBUG org.apache.http.headers - >> Connection: Keep-Alive
08:41:59.385 [main] DEBUG org.apache.http.headers - >> User-Agent: Apache-HttpClient/4.5.13 (Java/17.0.6)
08:41:59.386 [main] DEBUG org.apache.http.headers - >> Accept-Encoding: gzip,deflate
08:41:59.386 [main] DEBUG org.apache.http.wire -  >> "{"password":"123123","email":"ganti@mail.com"}"
08:41:59.428 [main] DEBUG org.apache.http.wire -  << "HTTP/1.1 200 OK[\r][\n]"
08:41:59.428 [main] DEBUG org.apache.http.wire -  << "content-type: application/json[\r][\n]"
08:41:59.428 [main] DEBUG org.apache.http.wire -  << "date: Wed, 10 May 2023 01:41:59 GMT[\r][\n]"
08:41:59.428 [main] DEBUG org.apache.http.wire -  << "content-encoding: gzip[\r][\n]"
08:41:59.428 [main] DEBUG org.apache.http.wire -  << "transfer-encoding: chunked[\r][\n]"
08:41:59.428 [main] DEBUG org.apache.http.wire -  << "server: Fly/3f2597ca (2023-05-03)[\r][\n]"
08:41:59.428 [main] DEBUG org.apache.http.wire -  << "via: 1.1 fly.io[\r][\n]"
08:41:59.428 [main] DEBUG org.apache.http.wire -  << "fly-request-id: 01H01N50ZBESPZ83X28K8XFASZ-sin[\r][\n]"
08:41:59.428 [main] DEBUG org.apache.http.wire -  << "[\r][\n]"
08:41:59.428 [main] DEBUG o.a.h.i.conn.DefaultClientConnection - Receiving response: HTTP/1.1 200 OK
08:41:59.428 [main] DEBUG org.apache.http.headers - << HTTP/1.1 200 OK
08:41:59.428 [main] DEBUG org.apache.http.headers - << content-type: application/json
08:41:59.428 [main] DEBUG org.apache.http.headers - << date: Wed, 10 May 2023 01:41:59 GMT
08:41:59.428 [main] DEBUG org.apache.http.headers - << content-encoding: gzip
08:41:59.428 [main] DEBUG org.apache.http.headers - << transfer-encoding: chunked
08:41:59.428 [main] DEBUG org.apache.http.headers - << server: Fly/3f2597ca (2023-05-03)
08:41:59.428 [main] DEBUG org.apache.http.headers - << via: 1.1 fly.io
08:41:59.428 [main] DEBUG org.apache.http.headers - << fly-request-id: 01H01N50ZBESPZ83X28K8XFASZ-sin
08:41:59.428 [main] DEBUG o.a.h.impl.client.DefaultHttpClient - Connection can be kept alive indefinitely
08:41:59.429 [main] DEBUG i.r.internal.RestAssuredHttpBuilder - Parsing response as: application/json
08:41:59.429 [main] DEBUG org.apache.http.wire -  << "B2[\r][\n]"
08:41:59.429 [main] DEBUG org.apache.http.wire -  << "[0x1f][0x8b][0x8][0x0][0x0][0x0][0x0][0x0][0x4][0xff][0xab]VJI,IT[0xb2]RJ[0xad][0xf4][0xca]HrO[0xce][0xf4][0xcf][0xf4][0xf2][0xc][0xad][0xf2]4[0xf4][0xcb][0xf4],[0xf6][0xcc][0xb]2Mv[0xf6]4[0xf3][0xcc].[0x88][0x8]s[0xf6][0xb2][0xd4]K[0xad][0xf4]rO[0x9][0xaf](N[0xca]u+[0x89][\n]"
08:41:59.429 [main] DEBUG org.apache.http.wire -  << "[0x6]ID[0x15]$[0xe7][0xf9][0x19]@[0xf8]N[0xbe][0x91][0x11]0[0xb6]g[0xb1]gvXIdxN[0xb1]gV~f[0x94][0x91][i[0x8a]{[0x8e]cR[0xb8][A[0x92][0xb3]iV[0x92][0x91]AfZ[0xa0][0x9e][0x8b]e[0xa5]{[0x95]_H^[0xa4]s[0xa4][0x85]i[0x90][0x9b][0x85]E[0xa5]Q[0xa8]wv[0xa9]QqfUD`DrQ[0xb1][0xae]i[0x80]_hxf~[0xa0]R-[0x17][0x0][0xa8][0xfd][0xf7]z[0xab][0x0][0x0][0x0]"
08:41:59.429 [main] DEBUG org.apache.http.wire -  << "[\r][\n]"
08:41:59.429 [main] DEBUG org.apache.http.wire -  << "0[\r][\n]"
08:41:59.429 [main] DEBUG org.apache.http.wire -  << "[\r][\n]"
08:41:59.429 [main] DEBUG i.r.internal.RestAssuredHttpBuilder - Parsed data to instance of: class org.apache.http.conn.EofSensorInputStream
08:41:59.435 [main] DEBUG o.a.h.i.c.BasicClientConnectionManager - Releasing connection org.apache.http.impl.conn.ManagedClientConnectionImpl@291cbe70
08:41:59.435 [main] DEBUG o.a.h.i.c.BasicClientConnectionManager - Connection can be kept alive indefinitely
08:41:59.439 [main] DEBUG n.t.core.steps.StepInterceptor - STARTING STEP: PostRating.sendPostHttpRequestRating - I set POST api endpoint for assign rating
08:41:59.440 [main] DEBUG n.t.core.steps.StepInterceptor - STEP DONE: I set POST api endpoint for assign rating
08:41:59.464 [main] DEBUG o.a.h.i.c.BasicClientConnectionManager - Get connection for route {s}->https://altashop-api.fly.dev:443
08:41:59.464 [main] DEBUG o.a.h.i.c.DefaultClientConnectionOperator - Connecting to altashop-api.fly.dev:443
08:41:59.548 [main] DEBUG o.a.h.c.protocol.RequestAddCookies - CookieSpec selected: ignoreCookies
08:41:59.548 [main] DEBUG o.a.h.c.protocol.RequestAuthCache - Auth cache not set in the context
08:41:59.548 [main] DEBUG o.a.h.c.p.RequestProxyAuthentication - Proxy auth state: UNCHALLENGED
08:41:59.548 [main] DEBUG o.a.h.impl.client.DefaultHttpClient - Attempt 1 to execute request
08:41:59.548 [main] DEBUG o.a.h.i.conn.DefaultClientConnection - Sending request: POST /api/products/14482/ratings HTTP/1.1
08:41:59.548 [main] DEBUG org.apache.http.wire -  >> "POST /api/products/14482/ratings HTTP/1.1[\r][\n]"
08:41:59.551 [main] DEBUG org.apache.http.wire -  >> "Authorization: Bearer eyJhbGciOiJIUzI1NiIsInR5cCI6IkpXVCJ9.eyJGdWxsbmFtZSI6IkZpcnN0bmFtZSBMYXN0bmFtZSIsIkVtYWlsIjoiZ2FudGlAbWFpbC5jb20ifQ.D9yGzNTnYCY85RF88y2UKku2sizXQXcrsOm5PNUWioQ[\r][\n]"
08:41:59.552 [main] DEBUG org.apache.http.wire -  >> "Accept: */*[\r][\n]"
08:41:59.552 [main] DEBUG org.apache.http.wire -  >> "Content-Type: application/json[\r][\n]"
08:41:59.552 [main] DEBUG org.apache.http.wire -  >> "Content-Length: 11[\r][\n]"
08:41:59.552 [main] DEBUG org.apache.http.wire -  >> "Host: altashop-api.fly.dev[\r][\n]"
08:41:59.552 [main] DEBUG org.apache.http.wire -  >> "Connection: Keep-Alive[\r][\n]"
08:41:59.552 [main] DEBUG org.apache.http.wire -  >> "User-Agent: Apache-HttpClient/4.5.13 (Java/17.0.6)[\r][\n]"
08:41:59.552 [main] DEBUG org.apache.http.wire -  >> "Accept-Encoding: gzip,deflate[\r][\n]"
08:41:59.552 [main] DEBUG org.apache.http.wire -  >> "[\r][\n]"
08:41:59.552 [main] DEBUG org.apache.http.headers - >> POST /api/products/14482/ratings HTTP/1.1
08:41:59.552 [main] DEBUG org.apache.http.headers - >> Authorization: Bearer eyJhbGciOiJIUzI1NiIsInR5cCI6IkpXVCJ9.eyJGdWxsbmFtZSI6IkZpcnN0bmFtZSBMYXN0bmFtZSIsIkVtYWlsIjoiZ2FudGlAbWFpbC5jb20ifQ.D9yGzNTnYCY85RF88y2UKku2sizXQXcrsOm5PNUWioQ
08:41:59.552 [main] DEBUG org.apache.http.headers - >> Accept: */*
08:41:59.552 [main] DEBUG org.apache.http.headers - >> Content-Type: application/json
08:41:59.552 [main] DEBUG org.apache.http.headers - >> Content-Length: 11
08:41:59.552 [main] DEBUG org.apache.http.headers - >> Host: altashop-api.fly.dev
08:41:59.552 [main] DEBUG org.apache.http.headers - >> Connection: Keep-Alive
08:41:59.552 [main] DEBUG org.apache.http.headers - >> User-Agent: Apache-HttpClient/4.5.13 (Java/17.0.6)
08:41:59.552 [main] DEBUG org.apache.http.headers - >> Accept-Encoding: gzip,deflate
08:41:59.552 [main] DEBUG org.apache.http.wire -  >> "{"count":4}"
08:41:59.602 [main] DEBUG org.apache.http.wire -  << "HTTP/1.1 500 Internal Server Error[\r][\n]"
08:41:59.602 [main] DEBUG org.apache.http.wire -  << "content-type: application/json[\r][\n]"
08:41:59.602 [main] DEBUG org.apache.http.wire -  << "date: Wed, 10 May 2023 01:41:59 GMT[\r][\n]"
08:41:59.602 [main] DEBUG org.apache.http.wire -  << "content-encoding: gzip[\r][\n]"
08:41:59.602 [main] DEBUG org.apache.http.wire -  << "transfer-encoding: chunked[\r][\n]"
08:41:59.602 [main] DEBUG org.apache.http.wire -  << "server: Fly/3f2597ca (2023-05-03)[\r][\n]"
08:41:59.602 [main] DEBUG org.apache.http.wire -  << "via: 1.1 fly.io[\r][\n]"
08:41:59.602 [main] DEBUG org.apache.http.wire -  << "fly-request-id: 01H01N514PPFSKCR54VMNCES57-sin[\r][\n]"
08:41:59.602 [main] DEBUG org.apache.http.wire -  << "[\r][\n]"
08:41:59.603 [main] DEBUG o.a.h.i.conn.DefaultClientConnection - Receiving response: HTTP/1.1 500 Internal Server Error
08:41:59.603 [main] DEBUG org.apache.http.headers - << HTTP/1.1 500 Internal Server Error
08:41:59.603 [main] DEBUG org.apache.http.headers - << content-type: application/json
08:41:59.603 [main] DEBUG org.apache.http.headers - << date: Wed, 10 May 2023 01:41:59 GMT
08:41:59.603 [main] DEBUG org.apache.http.headers - << content-encoding: gzip
08:41:59.603 [main] DEBUG org.apache.http.headers - << transfer-encoding: chunked
08:41:59.603 [main] DEBUG org.apache.http.headers - << server: Fly/3f2597ca (2023-05-03)
08:41:59.603 [main] DEBUG org.apache.http.headers - << via: 1.1 fly.io
08:41:59.603 [main] DEBUG org.apache.http.headers - << fly-request-id: 01H01N514PPFSKCR54VMNCES57-sin
08:41:59.603 [main] DEBUG o.a.h.impl.client.DefaultHttpClient - Connection can be kept alive indefinitely
08:41:59.603 [main] DEBUG i.r.internal.RestAssuredHttpBuilder - Parsing response as: application/json
08:41:59.603 [main] DEBUG org.apache.http.wire -  << "31[\r][\n]"
08:41:59.603 [main] DEBUG org.apache.http.wire -  << "[0x1f][0x8b][0x8][0x0][0x0][0x0][0x0][0x0][0x4][0xff][0xab]VJ-*[0xca]/R[0xb2]R*JM[0xce]/JQ[0xc8][0xcb]/QH[0xcb]/[0xcd]KQ[0xaa][0xe5][0x2][0x0]6`[0x14][0x2][0x1d][0x0][0x0][0x0]"
08:41:59.603 [main] DEBUG org.apache.http.wire -  << "[\r][\n]"
08:41:59.603 [main] DEBUG org.apache.http.wire -  << "0[\r][\n]"
08:41:59.603 [main] DEBUG org.apache.http.wire -  << "[\r][\n]"
08:41:59.603 [main] DEBUG i.r.internal.RestAssuredHttpBuilder - Parsed data to instance of: class org.apache.http.conn.EofSensorInputStream
08:41:59.605 [main] DEBUG o.a.h.i.c.BasicClientConnectionManager - Releasing connection org.apache.http.impl.conn.ManagedClientConnectionImpl@2052f095
08:41:59.605 [main] DEBUG o.a.h.i.c.BasicClientConnectionManager - Connection can be kept alive indefinitely
08:41:59.606 [main] DEBUG n.t.core.steps.StepInterceptor - STEP DONE: I send POST request for assign rating
  &amp#27;[32mWhen &amp#27;[0m&amp#27;[32mI send POST request for assign rating&amp#27;[0m                &amp#27;[90m# starter.stepdefinitions.ProductSteps.sendPostHttpRequestRating()&amp#27;[0m
08:41:59.616 [main] DEBUG n.t.core.steps.StepInterceptor - STARTING STEP: ProductSteps.receiveValidHttpResponses - I receive valid HTTP response code 200
  &amp#27;[31mThen &amp#27;[0m&amp#27;[31mI receive valid HTTP response code 200&amp#27;[0m               &amp#27;[90m# starter.stepdefinitions.ProductSteps.receiveValidHttpResponses()&amp#27;[0m
      &amp#27;[31mjava.lang.AssertionError: 1 expectation failed.
Expected status code <200> but was <500>.

	at java.base/jdk.internal.reflect.NativeConstructorAccessorImpl.newInstance0(Native Method)
	at java.base/jdk.internal.reflect.NativeConstructorAccessorImpl.newInstance(NativeConstructorAccessorImpl.java:77)
	at java.base/jdk.internal.reflect.DelegatingConstructorAccessorImpl.newInstance(DelegatingConstructorAccessorImpl.java:45)
	at java.base/java.lang.reflect.Constructor.newInstanceWithCaller(Constructor.java:499)
	at java.base/java.lang.reflect.Constructor.newInstance(Constructor.java:480)
	at org.codehaus.groovy.reflection.CachedConstructor.invoke(CachedConstructor.java:73)
	at org.codehaus.groovy.runtime.callsite.ConstructorSite$ConstructorSiteNoUnwrapNoCoerce.callConstructor(ConstructorSite.java:108)
	at org.codehaus.groovy.runtime.callsite.CallSiteArray.defaultCallConstructor(CallSiteArray.java:57)
	at org.codehaus.groovy.runtime.callsite.AbstractCallSite.callConstructor(AbstractCallSite.java:263)
	at org.codehaus.groovy.runtime.callsite.AbstractCallSite.callConstructor(AbstractCallSite.java:277)
	at io.restassured.internal.ResponseSpecificationImpl$HamcrestAssertionClosure.validate(ResponseSpecificationImpl.groovy:512)
	at io.restassured.internal.ResponseSpecificationImpl$HamcrestAssertionClosure$validate$1.call(Unknown Source)
	at io.restassured.internal.ResponseSpecificationImpl.validateResponseIfRequired(ResponseSpecificationImpl.groovy:696)
	at io.restassured.internal.ResponseSpecificationImpl.this$2$validateResponseIfRequired(ResponseSpecificationImpl.groovy)
	at java.base/jdk.internal.reflect.NativeMethodAccessorImpl.invoke0(Native Method)
	at java.base/jdk.internal.reflect.NativeMethodAccessorImpl.invoke(NativeMethodAccessorImpl.java:77)
	at java.base/jdk.internal.reflect.DelegatingMethodAccessorImpl.invoke(DelegatingMethodAccessorImpl.java:43)
	at java.base/java.lang.reflect.Method.invoke(Method.java:568)
	at org.codehaus.groovy.runtime.callsite.PlainObjectMetaMethodSite.doInvoke(PlainObjectMetaMethodSite.java:43)
	at org.codehaus.groovy.runtime.callsite.PogoMetaMethodSite$PogoCachedMethodSiteNoUnwrapNoCoerce.invoke(PogoMetaMethodSite.java:198)
	at org.codehaus.groovy.runtime.callsite.PogoMetaMethodSite.callCurrent(PogoMetaMethodSite.java:62)
	at org.codehaus.groovy.runtime.callsite.AbstractCallSite.callCurrent(AbstractCallSite.java:185)
	at io.restassured.internal.ResponseSpecificationImpl.statusCode(ResponseSpecificationImpl.groovy:135)
	at io.restassured.specification.ResponseSpecification$statusCode$1.callCurrent(Unknown Source)
	at io.restassured.internal.ResponseSpecificationImpl.statusCode(ResponseSpecificationImpl.groovy:143)
	at io.restassured.internal.ValidatableResponseOptionsImpl.statusCode(ValidatableResponseOptionsImpl.java:89)
	at starter.product.Get.lambda$validateHttpResponseCode200$0(Get.java:23)
	at net.serenitybdd.rest.SerenityRest.restAssuredThat(SerenityRest.java:626)
	at starter.product.Get.validateHttpResponseCode200(Get.java:23)
	at starter.product.Get$ByteBuddy$diTN9VBh.validateHttpResponseCode200$accessor$imt7a14a(Unknown Source)
	at java.base/jdk.internal.reflect.NativeMethodAccessorImpl.invoke0(Native Method)
	at java.base/jdk.internal.reflect.NativeMethodAccessorImpl.invoke(NativeMethodAccessorImpl.java:77)
	at java.base/jdk.internal.reflect.DelegatingMethodAccessorImpl.invoke(DelegatingMethodAccessorImpl.java:43)
	at java.base/java.lang.reflect.Method.invoke(Method.java:568)
	at net.thucydides.core.steps.StepInterceptor.invokeMethod(StepInterceptor.java:503)
	at net.thucydides.core.steps.StepInterceptor.executeTestStepMethod(StepInterceptor.java:483)
	at net.thucydides.core.steps.StepInterceptor.runTestStep(StepInterceptor.java:457)
	at net.thucydides.core.steps.StepInterceptor.runOrSkipMethod(StepInterceptor.java:209)
	at net.thucydides.core.steps.StepInterceptor.testStepResult(StepInterceptor.java:196)
	at net.thucydides.core.steps.StepInterceptor.intercept(StepInterceptor.java:84)
	at net.thucydides.core.steps.ProxyConfiguration$InterceptorDispatcher.intercept(ProxyConfiguration.java:51)
	at starter.product.Get$ByteBuddy$diTN9VBh.validateHttpResponseCode200(Unknown Source)
	at starter.stepdefinitions.ProductSteps.receiveValidHttpResponses(ProductSteps.java:34)
	at ✽.I receive valid HTTP response code 200(file:///home/nadir/IdeaProjects/minproQE/src/test/resources/api/Product.feature:20)
&amp#27;[0m
]]></system-out>
  </testcase>
</testsuite>